This is pdfTeX, Version 3.14159265-2.6-1.40.16 (TeX Live 2015/Debian) (preloaded format=pdflatex 2017.6.17)  21 AUG 2017 16:55
entering extended mode
 restricted \write18 enabled.
 %&-line parsing enabled.
**diplomski.tex
(./diplomski.tex
LaTeX2e <2016/02/01>
Babel <3.9q> and hyphenation patterns for 29 language(s) loaded.
(/usr/share/texlive/texmf-dist/tex/latex/memoir/memoir.cls
Document Class: memoir 2015/07/08 v3.7e configurable book, report, article docu
ment class
\onelineskip=\skip41
\lxvchars=\skip42
\xlvchars=\skip43
\@memcnta=\count79
\c@@memmarkcntra=\count80
(/usr/share/texlive/texmf-dist/tex/generic/oberdiek/ifpdf.sty
Package: ifpdf 2011/01/30 v2.3 Provides the ifpdf switch (HO)
Package ifpdf Info: pdfTeX in PDF mode is detected.
)
Class memoir Info: An `ifetex' package is being emulated on input line 265.

(/usr/share/texlive/texmf-dist/tex/generic/ifxetex/ifxetex.sty
Package: ifxetex 2010/09/12 v0.6 Provides ifxetex conditional
)
(/usr/share/texlive/texmf-dist/tex/generic/oberdiek/ifluatex.sty
Package: ifluatex 2010/03/01 v1.3 Provides the ifluatex switch (HO)
Package ifluatex Info: LuaTeX not detected.
)
\stockheight=\skip44
\stockwidth=\skip45
\trimtop=\skip46
\trimedge=\skip47

(/usr/share/texlive/texmf-dist/tex/latex/memoir/mem12.clo
File: mem12.clo 2010/10/19 v0.4b memoir class 12pt size option
)
\binding=\skip48
\spinemargin=\skip49
\foremargin=\skip50
\uppermargin=\skip51
\lowermargin=\skip52
\headdrop=\skip53
\normalrulethickness=\skip54
\mem@maxheadheight=\skip55
\mem@maxfootheight=\skip56
\headwidth=\skip57
\c@storedpagenumber=\count81
\memPD=\dimen102
\m@mabparskip=\skip58
\thanksmarkwidth=\skip59
\thanksmarksep=\skip60
\droptitle=\skip61
\c@book=\count82
\c@part=\count83
\c@chapter=\count84
\c@section=\count85
\c@subsection=\count86
\c@subsubsection=\count87
\c@paragraph=\count88
\c@subparagraph=\count89
\beforechapskip=\skip62
\midchapskip=\skip63
\afterchapskip=\skip64
\chapindent=\skip65
\bottomsectionskip=\skip66
\secindent=\skip67
\beforesecskip=\skip68
\aftersecskip=\skip69
\subsecindent=\skip70
\beforesubsecskip=\skip71
\aftersubsecskip=\skip72
\subsubsecindent=\skip73
\beforesubsubsecskip=\skip74
\aftersubsubsecskip=\skip75
\paraindent=\skip76
\beforeparaskip=\skip77
\afterparaskip=\skip78
\subparaindent=\skip79
\beforesubparaskip=\skip80
\aftersubparaskip=\skip81
\pfbreakskip=\skip82
\c@@ppsavesec=\count90
\c@@ppsaveapp=\count91
\ragrparindent=\dimen103
\everylistparindent=\dimen104
\parsepi=\skip83
\topsepi=\skip84
\itemsepi=\skip85
\parsepii=\skip86
\topsepii=\skip87
\topsepiii=\skip88
\itemsepii=\skip89
\itemsepiii=\skip90
\partopsepii=\skip91
\partopsepiii=\skip92
\m@msavetopsep=\skip93
\m@msavepartopsep=\skip94
\@enLab=\toks14
\abstitleskip=\skip95
\absleftindent=\skip96
\abs@leftindent=\dimen105
\absrightindent=\skip97
\absparindent=\skip98
\absparsep=\skip99
\c@vslineno=\count92
\c@poemline=\count93
\c@modulo@vs=\count94
\c@memfvsline=\count95
\vleftskip=\skip100
\vrightskip=\skip101
\stanzaskip=\skip102
\versewidth=\skip103
\vgap=\skip104
\vindent=\skip105
\vleftmargin=\dimen106
\c@verse=\count96
\c@chrsinstr=\count97
\beforepoemtitleskip=\skip106
\afterpoemtitleskip=\skip107
\c@poem=\count98
\beforePoemTitleskip=\skip108
\midPoemTitleskip=\skip109
\afterPoemTitleskip=\skip110
\col@sep=\dimen107
\extrarowheight=\dimen108
\NC@list=\toks15
\extratabsurround=\skip111
\backup@length=\skip112
\TX@col@width=\dimen109
\TX@old@table=\dimen110
\TX@old@col=\dimen111
\TX@target=\dimen112
\TX@delta=\dimen113
\TX@cols=\count99
\TX@ftn=\toks16
\heavyrulewidth=\dimen114
\lightrulewidth=\dimen115
\cmidrulewidth=\dimen116
\belowrulesep=\dimen117
\belowbottomsep=\dimen118
\aboverulesep=\dimen119
\abovetopsep=\dimen120
\cmidrulesep=\dimen121
\cmidrulekern=\dimen122
\defaultaddspace=\dimen123
\@cmidla=\count100
\@cmidlb=\count101
\@aboverulesep=\dimen124
\@belowrulesep=\dimen125
\@thisruleclass=\count102
\@lastruleclass=\count103
\@thisrulewidth=\dimen126
\ctableftskip=\skip113
\ctabrightskip=\skip114
\abovecolumnspenalty=\count104
\@linestogo=\count105
\@cellstogo=\count106
\@cellsincolumn=\count107
\crtok=\toks17
\@mincolumnwidth=\dimen127
\c@newflo@tctr=\count108
\mem@margin@floatbox=\box26
\@contcwidth=\skip115
\@contindw=\skip116
\abovecaptionskip=\skip117
\belowcaptionskip=\skip118
\subfloattopskip=\skip119
\subfloatcapskip=\skip120
\subfloatcaptopadj=\skip121
\subfloatbottomskip=\skip122
\subfloatlabelskip=\skip123
\subfloatcapmargin=\dimen128
\c@@contsubnum=\count109
\m@mscap@capbox=\box27
\m@mscap@fbox=\box28
\sidecapsep=\dimen129
\sidecapwidth=\dimen130
\m@m@tempdima=\dimen131
\m@mscapraise=\dimen132
\sidecapraise=\dimen133
\m@mscapmainwidth=\dimen134
\m@mscaplkern=\dimen135
\beforeepigraphskip=\skip124
\afterepigraphskip=\skip125
\epigraphwidth=\skip126
\epigraphrule=\skip127
LaTeX Info: Redefining \em on input line 7535.
LaTeX Info: Redefining \emph on input line 7543.
\tocentryskip=\skip128
\tocbaseline=\skip129
\cftparskip=\skip130
\cftbeforebookskip=\skip131
\cftbookindent=\dimen136
\cftbooknumwidth=\dimen137
\cftbeforepartskip=\skip132
\cftpartindent=\skip133
\cftpartnumwidth=\skip134
\cftbeforechapterskip=\skip135
\cftchapterindent=\skip136
\cftchapternumwidth=\skip137
\cftbeforesectionskip=\skip138
\cftsectionindent=\skip139
\cftsectionnumwidth=\skip140
\cftbeforesubsectionskip=\skip141
\cftsubsectionindent=\skip142
\cftsubsectionnumwidth=\skip143
\cftbeforesubsubsectionskip=\skip144
\cftsubsubsectionindent=\skip145
\cftsubsubsectionnumwidth=\skip146
\cftbeforeparagraphskip=\skip147
\cftparagraphindent=\skip148
\cftparagraphnumwidth=\skip149
\cftbeforesubparagraphskip=\skip150
\cftsubparagraphindent=\skip151
\cftsubparagraphnumwidth=\skip152
\prechapterprecisshift=\dimen138
\c@maxsecnumdepth=\count110
\bibindent=\dimen139
\bibitemsep=\skip153
\indexcolsep=\skip154
\indexrule=\skip155
\indexmarkstyle=\toks18
\@indexbox=\insert199
\glossarycolsep=\dimen140
\glossaryrule=\dimen141
\sideparvshift=\skip156
\sideins=\insert198
\sidebartopsep=\skip157
\sidebarhsep=\skip158
\sidebarvsep=\skip159
\sidebarwidth=\skip160
\footmarkwidth=\skip161
\footmarksep=\skip162
\footparindent=\skip163
\footinsdim=\skip164
\footinsv@r=\insert197
\@mpfootinsv@r=\insert196
\m@m@k=\count111
\m@m@h=\dimen142
\m@mipn@skip=\skip165
\sidefootins=\insert195
\sidefootadjust=\skip166
\sidefootheight=\skip167
\sidefoothsep=\skip168
\sidefootvsep=\skip169
\sidefootwidth=\skip170
\m@mdownsf=\skip171
\c@sidefootnote=\count112
\sidefootmarkwidth=\skip172
\sidefootmarksep=\skip173
\sidefootparindent=\skip174
\c@pagenote=\count113
\c@pagenoteshadow=\count114
\mem@pn@lastkern=\skip175
\every@verbatim=\toks19
\afterevery@verbatim=\toks20
\verbatim@line=\toks21
\tab@position=\count115
\verbatim@in@stream=\read1
\verbatimindent=\skip176
\verbatim@out=\write3
\bvboxsep=\skip177
\c@memfbvline=\count116
\c@bvlinectr=\count117
\bvnumlength=\skip178
\fb@frw=\dimen143
\fb@frh=\dimen144
\FrameRule=\dimen145
\FrameSep=\dimen146
\c@cp@cntr=\count118
LaTeX Info: Redefining \: on input line 12052.
LaTeX Info: Redefining \! on input line 12054.
\c@ism@mctr=\count119
\c@xsm@mctr=\count120
\c@csm@mctr=\count121
\c@ksm@mctr=\count122
\c@xksm@mctr=\count123
\c@cksm@mctr=\count124
\c@msm@mctr=\count125
\c@xmsm@mctr=\count126
\c@cmsm@mctr=\count127
\c@bsm@mctr=\count128
\c@workm@mctr=\count129
\c@sheetsequence=\count130
\c@lastsheet=\count131
\c@lastpage=\count132
\c@figure=\count133
\c@lofdepth=\count134
\cftbeforefigureskip=\skip179
\cftfigureindent=\skip180
\cftfigurenumwidth=\skip181
\c@table=\count135
\c@lotdepth=\count136
\cftbeforetableskip=\skip182
\cfttableindent=\skip183
\cfttablenumwidth=\skip184
Package abstract [2008/07/23] emulated by memoir.
Package appendix [2008/07/23] emulated by memoir.
Package array [2008/09/09] emulated by memoir.
Package booktabs [2008/07/23] emulated by memoir.
Package ccaption [2008/07/23] emulated by memoir.
Package changepage [2008/07/23] emulated by memoir.
Package chngcntr [2008/07/23] emulated by memoir.
Package chngpage [2008/07/23] emulated by memoir.
Package crop emulated by memoir.
Package dcolumn [2008/07/23] emulated by memoir.
Package delarray [2008/07/23] emulated by memoir.
Package enumerate [2008/07/23] emulated by memoir.
Package epigraph [2008/07/23] emulated by memoir.
Package ifmtarg [2008/07/23] emulated by memoir.
Package ifetex [2008/07/23] emulated by memoir.
Package index [2008/07/23] emulated by memoir.
Package makeidx [2008/07/23] emulated by memoir.
Package moreverb [2008/07/23] emulated by memoir.
Package mparhack [2008/07/23] emulated by memoir.
Package needspace [2008/07/23] emulated by memoir.
Package newfile [2008/07/23] emulated by memoir.
Package nextpage [2008/07/23] emulated by memoir.
Package pagenote [2008/07/23] emulated by memoir.
Package parskip [2008/07/23] emulated by memoir.
Package patchcmd [2008/07/23] emulated by memoir.
Package setspace [2008/07/23] emulated by memoir.
Package shortvrb [2008/07/23] emulated by memoir.
Package showidx [2008/07/23] emulated by memoir.
Package tabularx [2008/07/23] emulated by memoir.
Package titleref [2008/07/23] emulated by memoir.
Package titling [2008/07/23] emulated by memoir.
Package tocbibind [2008/07/23] emulated by memoir.
Package tocloft [2008/07/23] emulated by memoir.
Package tocvsec2 [2008/07/23] emulated by memoir.
Package verbatim [2008/07/23] emulated by memoir.
Package verse [2008/07/23] emulated by memoir.

(/usr/share/texlive/texmf-dist/tex/latex/memoir/mempatch.sty
Package: mempatch 2009/07/24 v6.0f Patches for memoir class v1.6180339
))
(/usr/share/texlive/texmf-dist/tex/latex/base/inputenc.sty
Package: inputenc 2015/03/17 v1.2c Input encoding file
\inpenc@prehook=\toks22
\inpenc@posthook=\toks23

(/usr/share/texlive/texmf-dist/tex/latex/base/utf8.def
File: utf8.def 2015/12/03 v1.1r UTF-8 support for inputenc
Now handling font encoding OML ...
... no UTF-8 mapping file for font encoding OML
Now handling font encoding T1 ...
... processing UTF-8 mapping file for font encoding T1

(/usr/share/texlive/texmf-dist/tex/latex/base/t1enc.dfu
File: t1enc.dfu 2015/12/03 v1.1r UTF-8 support for inputenc
   defining Unicode char U+00A0 (decimal 160)
   defining Unicode char U+00A1 (decimal 161)
   defining Unicode char U+00A3 (decimal 163)
   defining Unicode char U+00AB (decimal 171)
   defining Unicode char U+00AD (decimal 173)
   defining Unicode char U+00BB (decimal 187)
   defining Unicode char U+00BF (decimal 191)
   defining Unicode char U+00C0 (decimal 192)
   defining Unicode char U+00C1 (decimal 193)
   defining Unicode char U+00C2 (decimal 194)
   defining Unicode char U+00C3 (decimal 195)
   defining Unicode char U+00C4 (decimal 196)
   defining Unicode char U+00C5 (decimal 197)
   defining Unicode char U+00C6 (decimal 198)
   defining Unicode char U+00C7 (decimal 199)
   defining Unicode char U+00C8 (decimal 200)
   defining Unicode char U+00C9 (decimal 201)
   defining Unicode char U+00CA (decimal 202)
   defining Unicode char U+00CB (decimal 203)
   defining Unicode char U+00CC (decimal 204)
   defining Unicode char U+00CD (decimal 205)
   defining Unicode char U+00CE (decimal 206)
   defining Unicode char U+00CF (decimal 207)
   defining Unicode char U+00D0 (decimal 208)
   defining Unicode char U+00D1 (decimal 209)
   defining Unicode char U+00D2 (decimal 210)
   defining Unicode char U+00D3 (decimal 211)
   defining Unicode char U+00D4 (decimal 212)
   defining Unicode char U+00D5 (decimal 213)
   defining Unicode char U+00D6 (decimal 214)
   defining Unicode char U+00D8 (decimal 216)
   defining Unicode char U+00D9 (decimal 217)
   defining Unicode char U+00DA (decimal 218)
   defining Unicode char U+00DB (decimal 219)
   defining Unicode char U+00DC (decimal 220)
   defining Unicode char U+00DD (decimal 221)
   defining Unicode char U+00DE (decimal 222)
   defining Unicode char U+00DF (decimal 223)
   defining Unicode char U+00E0 (decimal 224)
   defining Unicode char U+00E1 (decimal 225)
   defining Unicode char U+00E2 (decimal 226)
   defining Unicode char U+00E3 (decimal 227)
   defining Unicode char U+00E4 (decimal 228)
   defining Unicode char U+00E5 (decimal 229)
   defining Unicode char U+00E6 (decimal 230)
   defining Unicode char U+00E7 (decimal 231)
   defining Unicode char U+00E8 (decimal 232)
   defining Unicode char U+00E9 (decimal 233)
   defining Unicode char U+00EA (decimal 234)
   defining Unicode char U+00EB (decimal 235)
   defining Unicode char U+00EC (decimal 236)
   defining Unicode char U+00ED (decimal 237)
   defining Unicode char U+00EE (decimal 238)
   defining Unicode char U+00EF (decimal 239)
   defining Unicode char U+00F0 (decimal 240)
   defining Unicode char U+00F1 (decimal 241)
   defining Unicode char U+00F2 (decimal 242)
   defining Unicode char U+00F3 (decimal 243)
   defining Unicode char U+00F4 (decimal 244)
   defining Unicode char U+00F5 (decimal 245)
   defining Unicode char U+00F6 (decimal 246)
   defining Unicode char U+00F8 (decimal 248)
   defining Unicode char U+00F9 (decimal 249)
   defining Unicode char U+00FA (decimal 250)
   defining Unicode char U+00FB (decimal 251)
   defining Unicode char U+00FC (decimal 252)
   defining Unicode char U+00FD (decimal 253)
   defining Unicode char U+00FE (decimal 254)
   defining Unicode char U+00FF (decimal 255)
   defining Unicode char U+0100 (decimal 256)
   defining Unicode char U+0101 (decimal 257)
   defining Unicode char U+0102 (decimal 258)
   defining Unicode char U+0103 (decimal 259)
   defining Unicode char U+0104 (decimal 260)
   defining Unicode char U+0105 (decimal 261)
   defining Unicode char U+0106 (decimal 262)
   defining Unicode char U+0107 (decimal 263)
   defining Unicode char U+0108 (decimal 264)
   defining Unicode char U+0109 (decimal 265)
   defining Unicode char U+010A (decimal 266)
   defining Unicode char U+010B (decimal 267)
   defining Unicode char U+010C (decimal 268)
   defining Unicode char U+010D (decimal 269)
   defining Unicode char U+010E (decimal 270)
   defining Unicode char U+010F (decimal 271)
   defining Unicode char U+0110 (decimal 272)
   defining Unicode char U+0111 (decimal 273)
   defining Unicode char U+0112 (decimal 274)
   defining Unicode char U+0113 (decimal 275)
   defining Unicode char U+0114 (decimal 276)
   defining Unicode char U+0115 (decimal 277)
   defining Unicode char U+0116 (decimal 278)
   defining Unicode char U+0117 (decimal 279)
   defining Unicode char U+0118 (decimal 280)
   defining Unicode char U+0119 (decimal 281)
   defining Unicode char U+011A (decimal 282)
   defining Unicode char U+011B (decimal 283)
   defining Unicode char U+011C (decimal 284)
   defining Unicode char U+011D (decimal 285)
   defining Unicode char U+011E (decimal 286)
   defining Unicode char U+011F (decimal 287)
   defining Unicode char U+0120 (decimal 288)
   defining Unicode char U+0121 (decimal 289)
   defining Unicode char U+0122 (decimal 290)
   defining Unicode char U+0123 (decimal 291)
   defining Unicode char U+0124 (decimal 292)
   defining Unicode char U+0125 (decimal 293)
   defining Unicode char U+0128 (decimal 296)
   defining Unicode char U+0129 (decimal 297)
   defining Unicode char U+012A (decimal 298)
   defining Unicode char U+012B (decimal 299)
   defining Unicode char U+012C (decimal 300)
   defining Unicode char U+012D (decimal 301)
   defining Unicode char U+012E (decimal 302)
   defining Unicode char U+012F (decimal 303)
   defining Unicode char U+0130 (decimal 304)
   defining Unicode char U+0131 (decimal 305)
   defining Unicode char U+0132 (decimal 306)
   defining Unicode char U+0133 (decimal 307)
   defining Unicode char U+0134 (decimal 308)
   defining Unicode char U+0135 (decimal 309)
   defining Unicode char U+0136 (decimal 310)
   defining Unicode char U+0137 (decimal 311)
   defining Unicode char U+0139 (decimal 313)
   defining Unicode char U+013A (decimal 314)
   defining Unicode char U+013B (decimal 315)
   defining Unicode char U+013C (decimal 316)
   defining Unicode char U+013D (decimal 317)
   defining Unicode char U+013E (decimal 318)
   defining Unicode char U+0141 (decimal 321)
   defining Unicode char U+0142 (decimal 322)
   defining Unicode char U+0143 (decimal 323)
   defining Unicode char U+0144 (decimal 324)
   defining Unicode char U+0145 (decimal 325)
   defining Unicode char U+0146 (decimal 326)
   defining Unicode char U+0147 (decimal 327)
   defining Unicode char U+0148 (decimal 328)
   defining Unicode char U+014A (decimal 330)
   defining Unicode char U+014B (decimal 331)
   defining Unicode char U+014C (decimal 332)
   defining Unicode char U+014D (decimal 333)
   defining Unicode char U+014E (decimal 334)
   defining Unicode char U+014F (decimal 335)
   defining Unicode char U+0150 (decimal 336)
   defining Unicode char U+0151 (decimal 337)
   defining Unicode char U+0152 (decimal 338)
   defining Unicode char U+0153 (decimal 339)
   defining Unicode char U+0154 (decimal 340)
   defining Unicode char U+0155 (decimal 341)
   defining Unicode char U+0156 (decimal 342)
   defining Unicode char U+0157 (decimal 343)
   defining Unicode char U+0158 (decimal 344)
   defining Unicode char U+0159 (decimal 345)
   defining Unicode char U+015A (decimal 346)
   defining Unicode char U+015B (decimal 347)
   defining Unicode char U+015C (decimal 348)
   defining Unicode char U+015D (decimal 349)
   defining Unicode char U+015E (decimal 350)
   defining Unicode char U+015F (decimal 351)
   defining Unicode char U+0160 (decimal 352)
   defining Unicode char U+0161 (decimal 353)
   defining Unicode char U+0162 (decimal 354)
   defining Unicode char U+0163 (decimal 355)
   defining Unicode char U+0164 (decimal 356)
   defining Unicode char U+0165 (decimal 357)
   defining Unicode char U+0168 (decimal 360)
   defining Unicode char U+0169 (decimal 361)
   defining Unicode char U+016A (decimal 362)
   defining Unicode char U+016B (decimal 363)
   defining Unicode char U+016C (decimal 364)
   defining Unicode char U+016D (decimal 365)
   defining Unicode char U+016E (decimal 366)
   defining Unicode char U+016F (decimal 367)
   defining Unicode char U+0170 (decimal 368)
   defining Unicode char U+0171 (decimal 369)
   defining Unicode char U+0172 (decimal 370)
   defining Unicode char U+0173 (decimal 371)
   defining Unicode char U+0174 (decimal 372)
   defining Unicode char U+0175 (decimal 373)
   defining Unicode char U+0176 (decimal 374)
   defining Unicode char U+0177 (decimal 375)
   defining Unicode char U+0178 (decimal 376)
   defining Unicode char U+0179 (decimal 377)
   defining Unicode char U+017A (decimal 378)
   defining Unicode char U+017B (decimal 379)
   defining Unicode char U+017C (decimal 380)
   defining Unicode char U+017D (decimal 381)
   defining Unicode char U+017E (decimal 382)
   defining Unicode char U+01CD (decimal 461)
   defining Unicode char U+01CE (decimal 462)
   defining Unicode char U+01CF (decimal 463)
   defining Unicode char U+01D0 (decimal 464)
   defining Unicode char U+01D1 (decimal 465)
   defining Unicode char U+01D2 (decimal 466)
   defining Unicode char U+01D3 (decimal 467)
   defining Unicode char U+01D4 (decimal 468)
   defining Unicode char U+01E2 (decimal 482)
   defining Unicode char U+01E3 (decimal 483)
   defining Unicode char U+01E6 (decimal 486)
   defining Unicode char U+01E7 (decimal 487)
   defining Unicode char U+01E8 (decimal 488)
   defining Unicode char U+01E9 (decimal 489)
   defining Unicode char U+01EA (decimal 490)
   defining Unicode char U+01EB (decimal 491)
   defining Unicode char U+01F0 (decimal 496)
   defining Unicode char U+01F4 (decimal 500)
   defining Unicode char U+01F5 (decimal 501)
   defining Unicode char U+0218 (decimal 536)
   defining Unicode char U+0219 (decimal 537)
   defining Unicode char U+021A (decimal 538)
   defining Unicode char U+021B (decimal 539)
   defining Unicode char U+01E02 (decimal 7682)
   defining Unicode char U+01E03 (decimal 7683)
   defining Unicode char U+200C (decimal 8204)
   defining Unicode char U+2013 (decimal 8211)
   defining Unicode char U+2014 (decimal 8212)
   defining Unicode char U+2018 (decimal 8216)
   defining Unicode char U+2019 (decimal 8217)
   defining Unicode char U+201A (decimal 8218)
   defining Unicode char U+201C (decimal 8220)
   defining Unicode char U+201D (decimal 8221)
   defining Unicode char U+201E (decimal 8222)
   defining Unicode char U+2030 (decimal 8240)
   defining Unicode char U+2031 (decimal 8241)
   defining Unicode char U+2039 (decimal 8249)
   defining Unicode char U+203A (decimal 8250)
   defining Unicode char U+2423 (decimal 9251)
)
Now handling font encoding OT1 ...
... processing UTF-8 mapping file for font encoding OT1

(/usr/share/texlive/texmf-dist/tex/latex/base/ot1enc.dfu
File: ot1enc.dfu 2015/12/03 v1.1r UTF-8 support for inputenc
   defining Unicode char U+00A0 (decimal 160)
   defining Unicode char U+00A1 (decimal 161)
   defining Unicode char U+00A3 (decimal 163)
   defining Unicode char U+00AD (decimal 173)
   defining Unicode char U+00B8 (decimal 184)
   defining Unicode char U+00BF (decimal 191)
   defining Unicode char U+00C5 (decimal 197)
   defining Unicode char U+00C6 (decimal 198)
   defining Unicode char U+00D8 (decimal 216)
   defining Unicode char U+00DF (decimal 223)
   defining Unicode char U+00E6 (decimal 230)
   defining Unicode char U+00EC (decimal 236)
   defining Unicode char U+00ED (decimal 237)
   defining Unicode char U+00EE (decimal 238)
   defining Unicode char U+00EF (decimal 239)
   defining Unicode char U+00F8 (decimal 248)
   defining Unicode char U+0131 (decimal 305)
   defining Unicode char U+0141 (decimal 321)
   defining Unicode char U+0142 (decimal 322)
   defining Unicode char U+0152 (decimal 338)
   defining Unicode char U+0153 (decimal 339)
   defining Unicode char U+0174 (decimal 372)
   defining Unicode char U+0175 (decimal 373)
   defining Unicode char U+0176 (decimal 374)
   defining Unicode char U+0177 (decimal 375)
   defining Unicode char U+0218 (decimal 536)
   defining Unicode char U+0219 (decimal 537)
   defining Unicode char U+021A (decimal 538)
   defining Unicode char U+021B (decimal 539)
   defining Unicode char U+2013 (decimal 8211)
   defining Unicode char U+2014 (decimal 8212)
   defining Unicode char U+2018 (decimal 8216)
   defining Unicode char U+2019 (decimal 8217)
   defining Unicode char U+201C (decimal 8220)
   defining Unicode char U+201D (decimal 8221)
)
Now handling font encoding OMS ...
... processing UTF-8 mapping file for font encoding OMS

(/usr/share/texlive/texmf-dist/tex/latex/base/omsenc.dfu
File: omsenc.dfu 2015/12/03 v1.1r UTF-8 support for inputenc
   defining Unicode char U+00A7 (decimal 167)
   defining Unicode char U+00B6 (decimal 182)
   defining Unicode char U+00B7 (decimal 183)
   defining Unicode char U+2020 (decimal 8224)
   defining Unicode char U+2021 (decimal 8225)
   defining Unicode char U+2022 (decimal 8226)
)
Now handling font encoding OMX ...
... no UTF-8 mapping file for font encoding OMX
Now handling font encoding U ...
... no UTF-8 mapping file for font encoding U
   defining Unicode char U+00A9 (decimal 169)
   defining Unicode char U+00AA (decimal 170)
   defining Unicode char U+00AE (decimal 174)
   defining Unicode char U+00BA (decimal 186)
   defining Unicode char U+02C6 (decimal 710)
   defining Unicode char U+02DC (decimal 732)
   defining Unicode char U+200C (decimal 8204)
   defining Unicode char U+2026 (decimal 8230)
   defining Unicode char U+2122 (decimal 8482)
   defining Unicode char U+2423 (decimal 9251)
)) (./diplomski.sty
(/usr/share/texlive/texmf-dist/tex/latex/amsmath/amsmath.sty
Package: amsmath 2016/03/03 v2.15a AMS math features
\@mathmargin=\skip185

For additional information on amsmath, use the `?' option.
(/usr/share/texlive/texmf-dist/tex/latex/amsmath/amstext.sty
Package: amstext 2000/06/29 v2.01 AMS text

(/usr/share/texlive/texmf-dist/tex/latex/amsmath/amsgen.sty
File: amsgen.sty 1999/11/30 v2.0 generic functions
\@emptytoks=\toks24
\ex@=\dimen147
))
(/usr/share/texlive/texmf-dist/tex/latex/amsmath/amsbsy.sty
Package: amsbsy 1999/11/29 v1.2d Bold Symbols
\pmbraise@=\dimen148
)
(/usr/share/texlive/texmf-dist/tex/latex/amsmath/amsopn.sty
Package: amsopn 1999/12/14 v2.01 operator names
)
\inf@bad=\count137
LaTeX Info: Redefining \frac on input line 199.
\uproot@=\count138
\leftroot@=\count139
LaTeX Info: Redefining \overline on input line 297.
\classnum@=\count140
\DOTSCASE@=\count141
LaTeX Info: Redefining \ldots on input line 394.
LaTeX Info: Redefining \dots on input line 397.
LaTeX Info: Redefining \cdots on input line 518.
\Mathstrutbox@=\box29
\strutbox@=\box30
\big@size=\dimen149
LaTeX Font Info:    Redeclaring font encoding OML on input line 630.
LaTeX Font Info:    Redeclaring font encoding OMS on input line 631.
\macc@depth=\count142
\c@MaxMatrixCols=\count143
\dotsspace@=\muskip10
\c@parentequation=\count144
\dspbrk@lvl=\count145
\tag@help=\toks25
\row@=\count146
\column@=\count147
\maxfields@=\count148
\andhelp@=\toks26
\eqnshift@=\dimen150
\alignsep@=\dimen151
\tagshift@=\dimen152
\tagwidth@=\dimen153
\totwidth@=\dimen154
\lineht@=\dimen155
\@envbody=\toks27
\multlinegap=\skip186
\multlinetaggap=\skip187
\mathdisplay@stack=\toks28
LaTeX Info: Redefining \[ on input line 2735.
LaTeX Info: Redefining \] on input line 2736.
)
(/usr/share/texlive/texmf-dist/tex/latex/amscls/amsthm.sty
Package: amsthm 2015/03/04 v2.20.2
\thm@style=\toks29
\thm@bodyfont=\toks30
\thm@headfont=\toks31
\thm@notefont=\toks32
\thm@headpunct=\toks33
\thm@preskip=\skip188
\thm@postskip=\skip189
\thm@headsep=\skip190
\dth@everypar=\toks34
)
(/usr/share/texlive/texmf-dist/tex/latex/amsfonts/amssymb.sty
Package: amssymb 2013/01/14 v3.01 AMS font symbols

(/usr/share/texlive/texmf-dist/tex/latex/amsfonts/amsfonts.sty
Package: amsfonts 2013/01/14 v3.01 Basic AMSFonts support
\symAMSa=\mathgroup4
\symAMSb=\mathgroup5
LaTeX Font Info:    Overwriting math alphabet `\mathfrak' in version `bold'
(Font)                  U/euf/m/n --> U/euf/b/n on input line 106.
))
(/usr/share/texlive/texmf-dist/tex/generic/babel/babel.sty
Package: babel 2016/02/24 3.9q The Babel package

(/usr/share/texlive/texmf-dist/tex/generic/babel-croatian/croatian.ldf
Language: croatian 2014/03/31 v1.3m Croatian support from the babel system

(/usr/share/texlive/texmf-dist/tex/generic/babel/babel.def
File: babel.def 2016/02/24 3.9q Babel common definitions
\babel@savecnt=\count149
\U@D=\dimen156
)))
(/usr/share/texlive/texmf-dist/tex/latex/geometry/geometry.sty
Package: geometry 2010/09/12 v5.6 Page Geometry

(/usr/share/texlive/texmf-dist/tex/latex/graphics/keyval.sty
Package: keyval 2014/10/28 v1.15 key=value parser (DPC)
\KV@toks@=\toks35
)
(/usr/share/texlive/texmf-dist/tex/generic/oberdiek/ifvtex.sty
Package: ifvtex 2010/03/01 v1.5 Detect VTeX and its facilities (HO)
Package ifvtex Info: VTeX not detected.
)
\Gm@cnth=\count150
\Gm@cntv=\count151
\c@Gm@tempcnt=\count152
\Gm@bindingoffset=\dimen157
\Gm@wd@mp=\dimen158
\Gm@odd@mp=\dimen159
\Gm@even@mp=\dimen160
\Gm@layoutwidth=\dimen161
\Gm@layoutheight=\dimen162
\Gm@layouthoffset=\dimen163
\Gm@layoutvoffset=\dimen164
\Gm@dimlist=\toks36
)
\c@thm=\count153
)
(/usr/share/texlive/texmf-dist/tex/latex/babelbib/babelbib.sty
Package: babelbib 2012/01/03 v1.31 babelbib: multilingual bibliographies (HH)
 (./croatian.bdf
File: croatian.bdf 2005/11/13 v1.20 babelbib: multilingual bibliographies (HH)
)
\c@btxromaniannumeral=\count154
) (/usr/share/texlive/texmf-dist/tex/latex/hyperref/hyperref.sty
Package: hyperref 2012/11/06 v6.83m Hypertext links for LaTeX

(/usr/share/texlive/texmf-dist/tex/generic/oberdiek/hobsub-hyperref.sty
Package: hobsub-hyperref 2012/05/28 v1.13 Bundle oberdiek, subset hyperref (HO)


(/usr/share/texlive/texmf-dist/tex/generic/oberdiek/hobsub-generic.sty
Package: hobsub-generic 2012/05/28 v1.13 Bundle oberdiek, subset generic (HO)
Package: hobsub 2012/05/28 v1.13 Construct package bundles (HO)
Package: infwarerr 2010/04/08 v1.3 Providing info/warning/error messages (HO)
Package: ltxcmds 2011/11/09 v1.22 LaTeX kernel commands for general use (HO)
Package hobsub Info: Skipping package `ifluatex' (already loaded).
Package hobsub Info: Skipping package `ifvtex' (already loaded).
Package: intcalc 2007/09/27 v1.1 Expandable calculations with integers (HO)
Package hobsub Info: Skipping package `ifpdf' (already loaded).
Package: etexcmds 2011/02/16 v1.5 Avoid name clashes with e-TeX commands (HO)
Package etexcmds Info: Could not find \expanded.
(etexcmds)             That can mean that you are not using pdfTeX 1.50 or
(etexcmds)             that some package has redefined \expanded.
(etexcmds)             In the latter case, load this package earlier.
Package: kvsetkeys 2012/04/25 v1.16 Key value parser (HO)
Package: kvdefinekeys 2011/04/07 v1.3 Define keys (HO)
Package: pdftexcmds 2011/11/29 v0.20 Utility functions of pdfTeX for LuaTeX (HO
)
Package pdftexcmds Info: LuaTeX not detected.
Package pdftexcmds Info: \pdf@primitive is available.
Package pdftexcmds Info: \pdf@ifprimitive is available.
Package pdftexcmds Info: \pdfdraftmode found.
Package: pdfescape 2011/11/25 v1.13 Implements pdfTeX's escape features (HO)
Package: bigintcalc 2012/04/08 v1.3 Expandable calculations on big integers (HO
)
Package: bitset 2011/01/30 v1.1 Handle bit-vector datatype (HO)
Package: uniquecounter 2011/01/30 v1.2 Provide unlimited unique counter (HO)
)
Package hobsub Info: Skipping package `hobsub' (already loaded).
Package: letltxmacro 2010/09/02 v1.4 Let assignment for LaTeX macros (HO)
Package: hopatch 2012/05/28 v1.2 Wrapper for package hooks (HO)
Package: xcolor-patch 2011/01/30 xcolor patch
Package: atveryend 2011/06/30 v1.8 Hooks at the very end of document (HO)
Package atveryend Info: \enddocument detected (standard20110627).
Package: atbegshi 2011/10/05 v1.16 At begin shipout hook (HO)
Package: refcount 2011/10/16 v3.4 Data extraction from label references (HO)
Package: hycolor 2011/01/30 v1.7 Color options for hyperref/bookmark (HO)
)
(/usr/share/texlive/texmf-dist/tex/latex/oberdiek/auxhook.sty
Package: auxhook 2011/03/04 v1.3 Hooks for auxiliary files (HO)
)
(/usr/share/texlive/texmf-dist/tex/latex/oberdiek/kvoptions.sty
Package: kvoptions 2011/06/30 v3.11 Key value format for package options (HO)
)
\@linkdim=\dimen165
\Hy@linkcounter=\count155
\Hy@pagecounter=\count156

(/usr/share/texlive/texmf-dist/tex/latex/hyperref/pd1enc.def
File: pd1enc.def 2012/11/06 v6.83m Hyperref: PDFDocEncoding definition (HO)
Now handling font encoding PD1 ...
... no UTF-8 mapping file for font encoding PD1
)
\Hy@SavedSpaceFactor=\count157

(/usr/share/texlive/texmf-dist/tex/latex/latexconfig/hyperref.cfg
File: hyperref.cfg 2002/06/06 v1.2 hyperref configuration of TeXLive
)
Package hyperref Info: Hyper figures OFF on input line 4443.
Package hyperref Info: Link nesting OFF on input line 4448.
Package hyperref Info: Hyper index ON on input line 4451.
Package hyperref Info: Plain pages OFF on input line 4458.
Package hyperref Info: Backreferencing OFF on input line 4463.
Package hyperref Info: Implicit mode ON; LaTeX internals redefined.
Package hyperref Info: Bookmarks ON on input line 4688.
\c@Hy@tempcnt=\count158

(/usr/share/texlive/texmf-dist/tex/latex/url/url.sty
\Urlmuskip=\muskip11
Package: url 2013/09/16  ver 3.4  Verb mode for urls, etc.
)
LaTeX Info: Redefining \url on input line 5041.
\XeTeXLinkMargin=\dimen166
\Fld@menulength=\count159
\Field@Width=\dimen167
\Fld@charsize=\dimen168
Package hyperref Info: Hyper figures OFF on input line 6295.
Package hyperref Info: Link nesting OFF on input line 6300.
Package hyperref Info: Hyper index ON on input line 6303.
Package hyperref Info: backreferencing OFF on input line 6310.
Package hyperref Info: Link coloring OFF on input line 6315.
Package hyperref Info: Link coloring with OCG OFF on input line 6320.
Package hyperref Info: PDF/A mode OFF on input line 6325.
LaTeX Info: Redefining \ref on input line 6365.
LaTeX Info: Redefining \pageref on input line 6369.
\Hy@abspage=\count160
\c@Item=\count161
\c@Hfootnote=\count162
)
(/usr/share/texlive/texmf-dist/tex/latex/memoir/memhfixc.sty
Package: memhfixc 2013/05/30 v1.17 nameref/hyperref package fixes for memoir cl
ass
\c@memhycontfloat=\count163
\c@Hpagenote=\count164
)

Package hyperref Message: Driver: hpdftex.

(/usr/share/texlive/texmf-dist/tex/latex/hyperref/hpdftex.def
File: hpdftex.def 2012/11/06 v6.83m Hyperref driver for pdfTeX
\Fld@listcount=\count165
\c@bookmark@seq@number=\count166

(/usr/share/texlive/texmf-dist/tex/latex/oberdiek/rerunfilecheck.sty
Package: rerunfilecheck 2011/04/15 v1.7 Rerun checks for auxiliary files (HO)
Package uniquecounter Info: New unique counter `rerunfilecheck' on input line 2
82.
)
\Hy@SectionHShift=\skip191
)
(/usr/share/texlive/texmf-dist/tex/latex/graphics/graphicx.sty
Package: graphicx 2014/10/28 v1.0g Enhanced LaTeX Graphics (DPC,SPQR)

(/usr/share/texlive/texmf-dist/tex/latex/graphics/graphics.sty
Package: graphics 2016/01/03 v1.0q Standard LaTeX Graphics (DPC,SPQR)

(/usr/share/texlive/texmf-dist/tex/latex/graphics/trig.sty
Package: trig 2016/01/03 v1.10 sin cos tan (DPC)
)
(/usr/share/texlive/texmf-dist/tex/latex/latexconfig/graphics.cfg
File: graphics.cfg 2010/04/23 v1.9 graphics configuration of TeX Live
)
Package graphics Info: Driver file: pdftex.def on input line 95.

(/usr/share/texlive/texmf-dist/tex/latex/pdftex-def/pdftex.def
File: pdftex.def 2011/05/27 v0.06d Graphics/color for pdfTeX
\Gread@gobject=\count167
))
\Gin@req@height=\dimen169
\Gin@req@width=\dimen170
)
(/usr/share/texlive/texmf-dist/tex/latex/float/float.sty
Package: float 2001/11/08 v1.3d Float enhancements (AL)
\c@float@type=\count168
\float@exts=\toks37
\float@box=\box31
\@float@everytoks=\toks38
\@floatcapt=\box32
)
(/usr/share/texlive/texmf-dist/tex/latex/wrapfig/wrapfig.sty
\wrapoverhang=\dimen171
\WF@size=\dimen172
\c@WF@wrappedlines=\count169
\WF@box=\box33
\WF@everypar=\toks39
Package: wrapfig 2003/01/31  v 3.6
)
(/usr/share/texlive/texmf-dist/tex/latex/lipsum/lipsum.sty
Package: lipsum 2014/07/27 v1.3 150 paragraphs of Lorem Ipsum dummy text
\c@lips@count=\count170
)
(/usr/share/texlive/texmf-dist/tex/latex/cleveref/cleveref.sty
Package: cleveref 2013/12/28 v0.19 Intelligent cross-referencing
LaTeX Info: Redefining \Cref on input line 955.
Package cleveref Info: `hyperref' support loaded on input line 2230.
LaTeX Info: Redefining \cref on input line 2230.
LaTeX Info: Redefining \Cref on input line 2230.
LaTeX Info: Redefining \crefrange on input line 2230.
LaTeX Info: Redefining \Crefrange on input line 2230.
LaTeX Info: Redefining \cpageref on input line 2230.
LaTeX Info: Redefining \Cpageref on input line 2230.
LaTeX Info: Redefining \cpagerefrange on input line 2230.
LaTeX Info: Redefining \Cpagerefrange on input line 2230.
LaTeX Info: Redefining \labelcref on input line 2230.
LaTeX Info: Redefining \labelcpageref on input line 2230.
Package cleveref Info: `amsthm' support loaded on input line 2858.
)
(/usr/share/texlive/texmf-dist/tex/latex/oberdiek/epstopdf.sty
Package: epstopdf 2010/02/09 v2.5 Conversion with epstopdf on the fly (HO)

(/usr/share/texlive/texmf-dist/tex/latex/oberdiek/epstopdf-base.sty
Package: epstopdf-base 2010/02/09 v2.5 Base part for package epstopdf

(/usr/share/texlive/texmf-dist/tex/latex/oberdiek/grfext.sty
Package: grfext 2010/08/19 v1.1 Manage graphics extensions (HO)
)
Package grfext Info: Graphics extension search list:
(grfext)             [.png,.pdf,.jpg,.mps,.jpeg,.jbig2,.jb2,.PNG,.PDF,.JPG,.JPE
G,.JBIG2,.JB2,.eps]
(grfext)             \AppendGraphicsExtensions on input line 452.

(/usr/share/texlive/texmf-dist/tex/latex/latexconfig/epstopdf-sys.cfg
File: epstopdf-sys.cfg 2010/07/13 v1.3 Configuration of (r)epstopdf for TeX Liv
e
)))
(/usr/share/texlive/texmf-dist/tex/latex/multirow/multirow.sty
\bigstrutjot=\dimen173
)

Class memoir Warning: You are using the caption package with the memoir class. 
To prepare we will now reset all captioning macros and configurations to kernel
 defaults, and then let the caption package take over. Please remember to use t
he caption package interfaces in order to configure your captions. .

(/usr/share/texlive/texmf-dist/tex/latex/caption/caption.sty
Package: caption 2016/02/21 v3.3-144 Customizing captions (AR)

(/usr/share/texlive/texmf-dist/tex/latex/caption/caption3.sty
Package: caption3 2016/02/04 v1.7-139 caption3 kernel (AR)
Package caption3 Info: TeX engine: e-TeX on input line 67.
\captionmargin=\dimen174
\captionmargin@=\dimen175
\captionwidth=\dimen176
\caption@tempdima=\dimen177
\caption@indent=\dimen178
\caption@parindent=\dimen179
\caption@hangindent=\dimen180
)
\c@ContinuedFloat=\count171
Package caption Info: float package is loaded.
Package caption Info: hyperref package is loaded.
Package caption Info: wrapfig package is loaded.
)
(/usr/share/texlive/texmf-dist/tex/latex/xcolor/xcolor.sty
Package: xcolor 2007/01/21 v2.11 LaTeX color extensions (UK)

(/usr/share/texlive/texmf-dist/tex/latex/latexconfig/color.cfg
File: color.cfg 2007/01/18 v1.5 color configuration of teTeX/TeXLive
)
Package xcolor Info: Package option `usenames' ignored on input line 216.
Package xcolor Info: Driver file: pdftex.def on input line 225.

(/usr/share/texlive/texmf-dist/tex/latex/colortbl/colortbl.sty
Package: colortbl 2012/02/13 v1.0a Color table columns (DPC)
\everycr=\toks40
\minrowclearance=\skip192
)
\rownum=\count172
Package xcolor Info: Model `cmy' substituted by `cmy0' on input line 1337.
Package xcolor Info: Model `hsb' substituted by `rgb' on input line 1341.
Package xcolor Info: Model `RGB' extended on input line 1353.
Package xcolor Info: Model `HTML' substituted by `rgb' on input line 1355.
Package xcolor Info: Model `Hsb' substituted by `hsb' on input line 1356.
Package xcolor Info: Model `tHsb' substituted by `hsb' on input line 1357.
Package xcolor Info: Model `HSB' substituted by `hsb' on input line 1358.
Package xcolor Info: Model `Gray' substituted by `gray' on input line 1359.
Package xcolor Info: Model `wave' substituted by `hsb' on input line 1360.

(/usr/share/texlive/texmf-dist/tex/latex/graphics/dvipsnam.def
File: dvipsnam.def 2015/12/30 v3.0k Driver-dependent file (DPC,SPQR)
))
(/usr/share/texlive/texmf-dist/tex/latex/algorithm2e/algorithm2e.sty
Package: algorithm2e 2013/01/06 v5.00 algorithms environments
\c@AlgoLine=\count173

(/usr/share/texlive/texmf-dist/tex/latex/base/ifthen.sty
Package: ifthen 2014/09/29 v1.1c Standard LaTeX ifthen package (DPC)
)
\algocf@hangindent=\skip193

(/usr/share/texlive/texmf-dist/tex/latex/tools/xspace.sty
Package: xspace 2014/10/28 v1.13 Space after command names (DPC,MH)
)
(/usr/share/texlive/texmf-dist/tex/latex/relsize/relsize.sty
Package: relsize 2013/03/29 ver 4.1
)
********************************************************
Package `algorithm2e' Release 5.1 -- october 19 2015 --
- algorithm2e-announce@lirmm.fr mailing list for announcement about releases
- algorithm2e-discussion@lirmm.fr mailing list for discussion about package
subscribe by emailing sympa@lirmm.fr with 'subscribe <list> <firstname name>'
- Author: Christophe Fiorio (christophe.fiorio@umontpellier.fr)
********************************************************
\skiptotal=\skip194
\skiplinenumber=\skip256
\skiprule=\skip257
\skiphlne=\skip258
\skiptext=\skip259
\skiplength=\skip260
\algomargin=\skip261
\skipalgocfslide=\skip262
\algowidth=\dimen181
\inoutsize=\dimen182
\inoutindent=\dimen183
\interspacetitleruled=\dimen184
\interspacealgoruled=\dimen185
\interspacetitleboxruled=\dimen186
\algocf@ruledwidth=\skip263
\algocf@inoutbox=\box34
\algocf@inputbox=\box35
\AlCapSkip=\skip264
\AlCapHSkip=\skip265
\algoskipindent=\skip266
\algocf@nlbox=\box36
\algocf@hangingbox=\box37
\algocf@untilbox=\box38
\algocf@skipuntil=\skip267
\algocf@capbox=\box39
\algoheightruledefault=\skip268
\algoheightrule=\skip269
\algotitleheightruledefault=\skip270
\algotitleheightrule=\skip271
\c@algocfline=\count174
\c@algocfproc=\count175
\c@algocf=\count176
\algocf@algoframe=\box40
\algocf@algobox=\box41
) (/usr/share/texlive/texmf-dist/tex/latex/listings/listings.sty
\lst@mode=\count177
\lst@gtempboxa=\box42
\lst@token=\toks41
\lst@length=\count178
\lst@currlwidth=\dimen187
\lst@column=\count179
\lst@pos=\count180
\lst@lostspace=\dimen188
\lst@width=\dimen189
\lst@newlines=\count181
\lst@lineno=\count182
\lst@maxwidth=\dimen190

(/usr/share/texlive/texmf-dist/tex/latex/listings/lstmisc.sty
File: lstmisc.sty 2015/06/04 1.6 (Carsten Heinz)
\c@lstnumber=\count183
\lst@skipnumbers=\count184
\lst@framebox=\box43
)
(/usr/share/texlive/texmf-dist/tex/latex/listings/listings.cfg
File: listings.cfg 2015/06/04 1.6 listings configuration
))
Package: listings 2015/06/04 1.6 (Carsten Heinz)

(/usr/share/texlive/texmf-dist/tex/latex/listings/lstlang1.sty
File: lstlang1.sty 2015/06/04 1.6 listings language file
)
(/usr/share/texlive/texmf-dist/tex/latex/listings/lstlang2.sty
File: lstlang2.sty 2015/06/04 1.6 listings language file
)
(/usr/share/texlive/texmf-dist/tex/latex/listings/lstlang3.sty
File: lstlang3.sty 2015/06/04 1.6 listings language file
)
(./diplomski.aux)
\openout1 = `diplomski.aux'.

LaTeX Font Info:    Checking defaults for OML/cmm/m/it on input line 155.
LaTeX Font Info:    ... okay on input line 155.
LaTeX Font Info:    Checking defaults for T1/cmr/m/n on input line 155.
LaTeX Font Info:    ... okay on input line 155.
LaTeX Font Info:    Checking defaults for OT1/cmr/m/n on input line 155.
LaTeX Font Info:    ... okay on input line 155.
LaTeX Font Info:    Checking defaults for OMS/cmsy/m/n on input line 155.
LaTeX Font Info:    ... okay on input line 155.
LaTeX Font Info:    Checking defaults for OMX/cmex/m/n on input line 155.
LaTeX Font Info:    ... okay on input line 155.
LaTeX Font Info:    Checking defaults for U/cmr/m/n on input line 155.
LaTeX Font Info:    ... okay on input line 155.
LaTeX Font Info:    Checking defaults for PD1/pdf/m/n on input line 155.
LaTeX Font Info:    ... okay on input line 155.

*geometry* driver: auto-detecting
*geometry* detected driver: pdftex
*geometry* verbose mode - [ preamble ] result:
* driver: pdftex
* paper: a4paper
* layout: <same size as paper>
* layoutoffset:(h,v)=(0.0pt,0.0pt)
* bindingoffset: 34.1433pt
* modes: includehead includefoot includemp twoside 
* h-part:(L,W,R)=(65.44133pt, 432.48192pt, 65.44133pt)
* v-part:(T,H,B)=(99.58464pt, 637.34174pt, 108.12047pt)
* \paperwidth=597.50787pt
* \paperheight=845.04684pt
* \textwidth=432.48192pt
* \textheight=572.96794pt
* \oddsidemargin=27.31464pt
* \evensidemargin=-6.82866pt
* \topmargin=27.31465pt
* \headheight=14.5pt
* \headsep=19.8738pt
* \topskip=12.0pt
* \footskip=30.0pt
* \marginparwidth=0.0pt
* \marginparsep=0.0pt
* \columnsep=10.0pt
* \skip\footins=12.0pt plus 4.0pt minus 4.0pt
* \hoffset=0.0pt
* \voffset=0.0pt
* \mag=1000
* \@twocolumnfalse
* \@twosidetrue
* \@mparswitchtrue
* \@reversemarginfalse
* (1in=72.27pt=25.4mm, 1cm=28.453pt)

babelbib extension \btxifchangecaseoff added to \extrascroatian
babelbib: Set bibliography fall-back language to croatian
babelbib: Load BibTeX extensions \bibscroatian for croatian
babelbib: Set language for keywords in the bibliography fixed to croatian
\AtBeginShipoutBox=\box44
Package hyperref Info: Link coloring OFF on input line 155.
(/usr/share/texlive/texmf-dist/tex/latex/hyperref/nameref.sty
Package: nameref 2012/10/27 v2.43 Cross-referencing by name of section

(/usr/share/texlive/texmf-dist/tex/generic/oberdiek/gettitlestring.sty
Package: gettitlestring 2010/12/03 v1.4 Cleanup title references (HO)
)
\c@section@level=\count185
)
Redoing nameref's sectioning
Redoing nameref's label
LaTeX Info: Redefining \nameref on input line 155.
LaTeX Info: Redefining \ref on input line 155.
LaTeX Info: Redefining \pageref on input line 155.
LaTeX Info: Redefining \nameref on input line 155.
(./diplomski.out) (./diplomski.out)
\@outlinefile=\write4
\openout4 = `diplomski.out'.


(/usr/share/texlive/texmf-dist/tex/context/base/supp-pdf.mkii
[Loading MPS to PDF converter (version 2006.09.02).]
\scratchcounter=\count186
\scratchdimen=\dimen191
\scratchbox=\box45
\nofMPsegments=\count187
\nofMParguments=\count188
\everyMPshowfont=\toks42
\MPscratchCnt=\count189
\MPscratchDim=\dimen192
\MPnumerator=\count190
\makeMPintoPDFobject=\count191
\everyMPtoPDFconversion=\toks43
)
Package caption Info: Begin \AtBeginDocument code.
Package caption Info: listings package is loaded.
Package caption Info: End \AtBeginDocument code.
\c@lstlisting=\count192
LaTeX Font Info:    Try loading font information for U+msa on input line 159.
 (/usr/share/texlive/texmf-dist/tex/latex/amsfonts/umsa.fd
File: umsa.fd 2013/01/14 v3.01 AMS symbols A
)
LaTeX Font Info:    Try loading font information for U+msb on input line 159.

(/usr/share/texlive/texmf-dist/tex/latex/amsfonts/umsb.fd
File: umsb.fd 2013/01/14 v3.01 AMS symbols B
) [1

{/var/lib/texmf/fonts/map/pdftex/updmap/pdftex.map}] [2] [3] (./diplomski.toc [
4])

Class memoir Warning: The material used in the headers is too large
(14.92502pt) for the given head height (14.5pt), it is recommended to
either increase the head height or redesign the header
(in both cases you will find help in the memoir manual). on input line 159.

[5] <images/pictureNav.jpg, id=184, 303.14597pt x 186.73792pt>
File: images/pictureNav.jpg Graphic file (type jpg)

<use images/pictureNav.jpg>
Package pdftex.def Info: images/pictureNav.jpg used on input line 186.
(pdftex.def)             Requested size: 259.49178pt x 159.85632pt.

<images/GNSSsegmenti.png, id=188, 803.0pt x 520.94624pt>
File: images/GNSSsegmenti.png Graphic file (type png)

<use images/GNSSsegmenti.png>
Package pdftex.def Info: images/GNSSsegmenti.png used on input line 201.
(pdftex.def)             Requested size: 259.49178pt x 168.34369pt.

Underfull \vbox (badness 10000) has occurred while \output is active []

 [1


 <./images/pictureNav.jpg>]
Underfull \vbox (badness 10000) has occurred while \output is active []

 [2 <./images/GNSSsegmenti.png>]
Overfull \hbox (21.68082pt too wide) in paragraph at lines 264--266
[][]\OT1/cmr/bx/n/12 Definicija 0.0.2 \OT1/cmr/m/n/12 (Po-zi-ci-oni-ra-nje)\OT1
/cmr/bx/n/12 . []\OT1/cmr/m/it/12 Po-zi-ci-oni-ra-nje na-zi-vamo pos-tu-pak odr
e[]divanja polo^^Tzaja
 []

[3] [4] <images/GPS_Signals.png, id=223, 723.6636pt x 390.258pt>
File: images/GPS_Signals.png Graphic file (type png)

<use images/GPS_Signals.png>
Package pdftex.def Info: images/GPS_Signals.png used on input line 294.
(pdftex.def)             Requested size: 172.99013pt x 93.28867pt.

Underfull \vbox (badness 10000) has occurred while \output is active []

 [5

 <./images/GPS_Signals.png>] <images/deltat.png, id=237, 642.4pt x 347.2975pt>
File: images/deltat.png Graphic file (type png)

<use images/deltat.png>
Package pdftex.def Info: images/deltat.png used on input line 325.
(pdftex.def)             Requested size: 172.99013pt x 93.5225pt.

Underfull \vbox (badness 4647) has occurred while \output is active []

 [6]

Package hyperref Warning: Glyph not defined in PD1 encoding,
(hyperref)                removing `\dj' on input line 352.


Underfull \vbox (badness 7415) has occurred while \output is active []

 [7 <./images/deltat.png>]
LaTeX Font Info:    Try loading font information for OMS+cmr on input line 361.

 (/usr/share/texlive/texmf-dist/tex/latex/base/omscmr.fd
File: omscmr.fd 2014/09/29 v2.5h Standard LaTeX font definitions
)
LaTeX Font Info:    Font shape `OMS/cmr/m/n' in size <12> not available
(Font)              Font shape `OMS/cmsy/m/n' tried instead on input line 361.

<images/DOP.png, id=261, 656.4525pt x 417.56pt>
File: images/DOP.png Graphic file (type png)
 <use images/DOP.png>
Package pdftex.def Info: images/DOP.png used on input line 371.
(pdftex.def)             Requested size: 259.49178pt x 165.05862pt.

<images/DOPLow.png, id=262, 905.3825pt x 1012.78375pt>
File: images/DOPLow.png Graphic file (type png)
 <use images/DOPLow.png>
Package pdftex.def Info: images/DOPLow.png used on input line 377.
(pdftex.def)             Requested size: 259.49178pt x 290.26901pt.

<images/DOPHigh.png, id=263, 906.38625pt x 903.375pt>
File: images/DOPHigh.png Graphic file (type png)
 <use images/DOPHigh.png>
Package pdftex.def Info: images/DOPHigh.png used on input line 383.
(pdftex.def)             Requested size: 172.99013pt x 172.41496pt.

[8 <./images/DOP.png>]
Overfull \hbox (23.30392pt too wide) in paragraph at lines 402--402
[]|\OT1/cmr/m/n/12 rasprostiranje 
 []


Overfull \hbox (2.61108pt too wide) in paragraph at lines 405--405
[]|\OT1/cmr/m/n/12 prijamnik|  
 []


Underfull \hbox (badness 10000) in paragraph at lines 411--412
[]|\OT1/cmr/m/n/12 pogre^^Tska vi^^Tsestaznih
 []

[9 <./images/DOPLow.png> <./images/DOPHigh.png>]
<images/multipath.jpg, id=279, 173.448pt x 134.4222pt>
File: images/multipath.jpg Graphic file (type jpg)

<use images/multipath.jpg>
Package pdftex.def Info: images/multipath.jpg used on input line 435.
(pdftex.def)             Requested size: 172.99013pt x 134.07317pt.
 [10 <./images/multipath.jpg>] [11]
<images/NACONTENT.png, id=308, 744.7825pt x 492.84125pt>
File: images/NACONTENT.png Graphic file (type png)

<use images/NACONTENT.png>
Package pdftex.def Info: images/NACONTENT.png used on input line 490.
(pdftex.def)             Requested size: 259.49178pt x 171.71492pt.


Package hyperref Warning: Glyph not defined in PD1 encoding,
(hyperref)                removing `\dj' on input line 513.

[12 <./images/NACONTENT.png>]
<images/satellite_distance_13D.png, id=324, 638.385pt x 633.36626pt>
File: images/satellite_distance_13D.png Graphic file (type png)

<use images/satellite_distance_13D.png>
Package pdftex.def Info: images/satellite_distance_13D.png used on input line 5
32.
(pdftex.def)             Requested size: 172.99013pt x 171.62968pt.

<images/satellites_distance_23D.png, id=328, 1021.8175pt x 712.6625pt>
File: images/satellites_distance_23D.png Graphic file (type png)

<use images/satellites_distance_23D.png>
Package pdftex.def Info: images/satellites_distance_23D.png used on input line 
539.
(pdftex.def)             Requested size: 259.49178pt x 180.98164pt.

Underfull \vbox (badness 1975) has occurred while \output is active []

 [13 <./images/satellite_distance_13D.png>]
<images/satellites_distance_33D.png, id=342, 792.9625pt x 596.2275pt>
File: images/satellites_distance_33D.png Graphic file (type png)

<use images/satellites_distance_33D.png>
Package pdftex.def Info: images/satellites_distance_33D.png used on input line 
547.
(pdftex.def)             Requested size: 259.49178pt x 195.109pt.
 [14 <./images/satellites_distance_23D.png> <./images/satellites_distance_33D.p
ng>]
<images/ECEFcro.png, id=354, 555.07375pt x 450.68375pt>
File: images/ECEFcro.png Graphic file (type png)

<use images/ECEFcro.png>
Package pdftex.def Info: images/ECEFcro.png used on input line 579.
(pdftex.def)             Requested size: 116.77051pt x 94.80453pt.

<images/GEOcro.png, id=357, 384.43625pt x 358.33875pt>
File: images/GEOcro.png Graphic file (type png)
 <use images/GEOcro.png>
Package pdftex.def Info: images/GEOcro.png used on input line 586.
(pdftex.def)             Requested size: 116.77051pt x 108.84206pt.

Overfull \hbox (31.66882pt too wide) in paragraph at lines 597--602
[]\OT1/cmr/m/n/12 Primjetimo kako pro-ces odre[]divanja polo^^Tzaja pri-jam-nik
a in-di-rek-tno zah-tjeva uskla[]denost
 []

[15 <./images/ECEFcro.png> <./images/GEOcro.png>]
Overfull \hbox (33.26602pt too wide) in paragraph at lines 633--642
[]\OT1/cmr/m/n/12 Upravo opi-sa-nom pos-tup-kom ot-kla-njamo slu^^Tcajnu po-gre
^^Tsku nas-talu pri-li-kom odre[]divanja
 []


Underfull \hbox (badness 10000) in paragraph at lines 633--642

 []

[16] [17] [18

] [19]
Underfull \hbox (badness 10000) in paragraph at lines 701--703

 []

[20] [21]

LaTeX Warning: Reference `appendix:aTay' on page 22 undefined on input line 780
.

[22]
Underfull \vbox (badness 10000) has occurred while \output is active []

 [23]
[24]
Underfull \hbox (badness 10000) in paragraph at lines 930--932

 []

[25] [26]

Class memoir Warning: The material used in the headers is too large
(29.42502pt) for the given head height (14.5pt), it is recommended to
either increase the head height or redesign the header
(in both cases you will find help in the memoir manual). on input line 1056.


Overfull \vbox (14.92502pt too high) has occurred while \output is active []


[27] [28]

Package hyperref Warning: Glyph not defined in PD1 encoding,
(hyperref)                removing `\dj' on input line 1077.


Overfull \hbox (8.18526pt too wide) in paragraph at lines 1078--1085
\OT1/cmr/m/n/12 Obradu pri-kup-lje-nih \OT1/cmr/m/it/12 RI-NEX \OT1/cmr/m/n/12 
po-datka je mogu^^Sce na-pra-viti ko-riste^^Sci pro-gram-ski odre[]den
 []


Package hyperref Warning: Glyph not defined in PD1 encoding,
(hyperref)                removing `\dj' on input line 1086.

[29

] <images/modelPOR.png, id=557, 630.355pt x 49.18375pt>
File: images/modelPOR.png Graphic file (type png)

<use images/modelPOR.png>
Package pdftex.def Info: images/modelPOR.png used on input line 1098.
(pdftex.def)             Requested size: 302.73602pt x 23.62143pt.


Package hyperref Warning: Glyph not defined in PD1 encoding,
(hyperref)                removing `\dj' on input line 1105.

[30 <./images/modelPOR.png>]
Overfull \hbox (6.42834pt too wide) in paragraph at lines 1118--1127
\OT1/cmr/m/n/12 ra^^Tcunarne zna-nosti. Pri-mjena al-go-ri-tama za pro-ce-si-ra
-nje sig-nala i in-for-ma-cija podr^^Tzava
 []


Overfull \hbox (3.65614pt too wide) in paragraph at lines 1118--1127
\OT1/cmr/m/n/12 pri-jam-niku) pa se di-je-lovi pos-tupka obrade pre-ba-cuju na 
druge ure[]daje. Svaki kori^^Tsteni
 []


Overfull \hbox (5.33159pt too wide) in paragraph at lines 1118--1127
\OT1/cmr/m/n/12 vora do-dat-nih in-for-ma-cija koje mogu pri-do-ni-jeti po-bolj
^^Tsanju to^^Tcnosti pro-cjene polo^^Tzaja
 []


Package hyperref Warning: Glyph not defined in PD1 encoding,
(hyperref)                removing `\dj' on input line 1137.

[31] <images/prihvatSignala.png, id=576, 580.1675pt x 844.15375pt>
File: images/prihvatSignala.png Graphic file (type png)

<use images/prihvatSignala.png>
Package pdftex.def Info: images/prihvatSignala.png used on input line 1157.
(pdftex.def)             Requested size: 302.73602pt x 440.4824pt.

Underfull \vbox (badness 10000) has occurred while \output is active []

 [32]
[33 <./images/prihvatSignala.png>]
Overfull \hbox (31.69937pt too wide) in paragraph at lines 1181--1192
\OT1/cmr/m/n/12 Ipak, pos-tu-pak pro-cjene polo^^Tzaja omogu^^Scuje za-do-vo-lj
a-vaju^^Scu pro-cjenu po-gre^^Tske odre[]divanja
 []

[34]

Package hyperref Warning: Composite letter `\textasciicaron+c'
(hyperref)                not defined in PD1 encoding,
(hyperref)                removing `\textasciicaron' on input line 1193.


Package hyperref Warning: Composite letter `\textasciicaron+c'
(hyperref)                not defined in PD1 encoding,
(hyperref)                removing `\textasciicaron' on input line 1193.

<images/rtkGNSS.png, id=599, 941.5175pt x 224.84pt>
File: images/rtkGNSS.png Graphic file (type png)
 <use images/rtkGNSS.png>
Package pdftex.def Info: images/rtkGNSS.png used on input line 1200.
(pdftex.def)             Requested size: 302.73602pt x 72.29333pt.

<images/sdrlib.png, id=602, 623.32875pt x 509.905pt>
File: images/sdrlib.png Graphic file (type png)
 <use images/sdrlib.png>
Package pdftex.def Info: images/sdrlib.png used on input line 1213.
(pdftex.def)             Requested size: 345.98685pt x 283.03174pt.

Underfull \vbox (badness 10000) has occurred while \output is active []

 [35 <./images/rtkGNSS.png>] <images/rtkNav.png, id=618, 389.455pt x 285.065pt>
File: images/rtkNav.png Graphic file (type png)

<use images/rtkNav.png>
Package pdftex.def Info: images/rtkNav.png used on input line 1232.
(pdftex.def)             Requested size: 259.49178pt x 189.94426pt.

<images/guirtkNav.png, id=619, 418.56375pt x 314.17375pt>
File: images/guirtkNav.png Graphic file (type png)

<use images/guirtkNav.png>
Package pdftex.def Info: images/guirtkNav.png used on input line 1238.
(pdftex.def)             Requested size: 259.49178pt x 194.77132pt.

Underfull \vbox (badness 10000) has occurred while \output is active []

 [36 <./images/sdrlib.png>] <images/rtkNavKo.png, id=629, 724.7075pt x 328.2262
6pt>
File: images/rtkNavKo.png Graphic file (type png)

<use images/rtkNavKo.png>
Package pdftex.def Info: images/rtkNavKo.png used on input line 1244.
(pdftex.def)             Requested size: 345.98685pt x 156.7004pt.

Underfull \vbox (badness 10000) has occurred while \output is active []

 [37 <./images/rtkNav.png> <./images/guirtkNav.png>]
Overfull \hbox (19.77959pt too wide) in paragraph at lines 1249--1255
\OT1/cmr/m/n/12 tek-s-tu-alne da-to-teke (ko-or-di-nate sa-te-lita i pri-padne 
pse-udo-uda-lje-nosti). Sadr^^Tzaj kori^^Tstenih
 []

[38 <./images/rtkNavKo.png>]

Package hyperref Warning: Composite letter `\textasciicaron+c'
(hyperref)                not defined in PD1 encoding,
(hyperref)                removing `\textasciicaron' on input line 1270.

[39

]
Overfull \hbox (77.15352pt too wide) in paragraph at lines 1328--1328
[] 
 []


Underfull \vbox (badness 3977) has occurred while \output is active []


Overfull \vbox (14.92502pt too high) has occurred while \output is active []


[40]
Underfull \hbox (badness 10000) in paragraph at lines 1375--1378

 []


Underfull \vbox (badness 2368) has occurred while \output is active []

 [41]
Overfull \hbox (28.8687pt too wide) detected at line 1408
[]\OT1/cmr/m/n/12 (\OT1/cmr/bx/n/12 x\OT1/cmr/m/n/12 ) = (\OML/cmm/m/it/12 p[]\
OT1/cmr/m/n/12 ([])\OML/cmm/m/it/12 ; p[]\OT1/cmr/m/n/12 ([])\OML/cmm/m/it/12 ;
 p[]\OT1/cmr/m/n/12 ([])\OML/cmm/m/it/12 ; p[]\OT1/cmr/m/n/12 ([]))[] = [] \OML
/cmm/m/it/12 :
 []


Overfull \vbox (14.92502pt too high) has occurred while \output is active []


[42]
Underfull \hbox (badness 10000) in paragraph at lines 1450--1453

 []

[43] <images/linProjection.png, id=712, 620.3175pt x 309.155pt>
File: images/linProjection.png Graphic file (type png)

<use images/linProjection.png>
Package pdftex.def Info: images/linProjection.png used on input line 1493.
(pdftex.def)             Requested size: 345.98685pt x 172.43216pt.

Overfull \vbox (14.92502pt too high) has occurred while \output is active []


[44]
Underfull \hbox (badness 10000) in paragraph at lines 1506--1507

 []

[45 <./images/linProjection.png>]
Overfull \hbox (6.17143pt too wide) in paragraph at lines 1555--1561
\OT1/cmr/m/n/12 ruje ma-nje od-stu-pa-nje nego rje^^Tsenje do-bi-veno di-rek-t-
nim izra^^Tcunom $[] := []\OT1/cmr/bx/n/12 b$
 []


Overfull \vbox (14.92502pt too high) has occurred while \output is active []


[46] [47]
Underfull \hbox (badness 10000) in paragraph at lines 1606--1610

 []


Underfull \hbox (badness 10000) in paragraph at lines 1637--1644

 []


Overfull \vbox (14.92502pt too high) has occurred while \output is active []


[48]
Overfull \hbox (7.24222pt too wide) in paragraph at lines 1660--1663
\OT1/cmr/m/n/12 Osnovni pris-tup se te-me-lji na me-todi naj-ma-njih kva-drata.
 Kako je pro-blem odre[]divanja
 []


Underfull \hbox (badness 10000) in paragraph at lines 1660--1663

 []

[49]
Overfull \vbox (14.92502pt too high) has occurred while \output is active []


[50]
Overfull \hbox (17.34624pt too wide) in paragraph at lines 1738--1741
[][]\OT1/cmr/bx/n/12 Definicija 4.1.1 \OT1/cmr/m/n/12 (Kut ele-va-cije GPS sa-t
e-lita)\OT1/cmr/bx/n/12 . []\OT1/cmr/m/it/12 Kut ele-va-cije sa-te-lita ko-or-d
i-nata $\OT1/cmr/m/n/12 (\OML/cmm/m/it/12 x[]; y[]; z[]\OT1/cmr/m/n/12 )$
 []

<images/elev.png, id=829, 656.4525pt x 288.3272pt>
File: images/elev.png Graphic file (type png)
 <use images/elev.png>
Package pdftex.def Info: images/elev.png used on input line 1755.
(pdftex.def)             Requested size: 389.23108pt x 170.96066pt.

[51]
Overfull \vbox (14.92502pt too high) has occurred while \output is active []


[52 <./images/elev.png>] [53] [54

]

Package hyperref Warning: Composite letter `\textasciicaron+c'
(hyperref)                not defined in PD1 encoding,
(hyperref)                removing `\textasciicaron' on input line 1812.


Underfull \hbox (badness 10000) in paragraph at lines 1820--1821

 []


Overfull \hbox (49.52843pt too wide) in paragraph at lines 1833--1833
\OT1/cmr/m/n/12 PARAMETRA|  
 []


Overfull \hbox (49.2062pt too wide) in paragraph at lines 1833--1833
[]|\OT1/cmr/m/n/12 VRIJEDNOST|  
 []


Underfull \hbox (badness 10000) in paragraph at lines 1836--1836
[]|\OT1/cmr/m/n/12 vrijeme
 []


Underfull \hbox (badness 10000) in paragraph at lines 1836--1836
\OT1/cmr/m/n/12 izvr^^Tsavanja
 []


Overfull \hbox (7.18991pt too wide) in paragraph at lines 1822--1845
[]\OT1/cmr/m/n/12 Prilikom pro-cjene to^^Tcnosti, po-kre^^Scu se razli^^Tcite i
z-vedbe is-tih da-to-teka ulaza sadr^^Tzaja
 []


Underfull \vbox (badness 10000) has occurred while \output is active []

 [55]
<images/1LSAdeltab.png, id=885, 330.48468pt x 271.76532pt>
File: images/1LSAdeltab.png Graphic file (type png)

<use images/1LSAdeltab.png>
Package pdftex.def Info: images/1LSAdeltab.png used on input line 1851.
(pdftex.def)             Requested size: 207.58946pt x 170.71129pt.

<images/1LSAdeltal10b.png, id=886, 330.48468pt x 271.76532pt>
File: images/1LSAdeltal10b.png Graphic file (type png)

<use images/1LSAdeltal10b.png>
Package pdftex.def Info: images/1LSAdeltal10b.png used on input line 1858.
(pdftex.def)             Requested size: 207.58946pt x 170.71129pt.

Overfull \hbox (13.76083pt too wide) in paragraph at lines 1849--1862
[]$[]$  $[]$ 
 []

<images/1less100deltab.png, id=889, 330.48468pt x 271.76532pt>
File: images/1less100deltab.png Graphic file (type png)

<use images/1less100deltab.png>
Package pdftex.def Info: images/1less100deltab.png used on input line 1871.
(pdftex.def)             Requested size: 207.58946pt x 170.71129pt.

<images/1less100realb.png, id=890, 330.48468pt x 271.76532pt>
File: images/1less100realb.png Graphic file (type png)

<use images/1less100realb.png>
Package pdftex.def Info: images/1less100realb.png used on input line 1878.
(pdftex.def)             Requested size: 207.58946pt x 170.71129pt.

Underfull \hbox (badness 10000) in paragraph at lines 1879--1879
[]\OT1/cmr/m/n/12 Slika 5.4: |Lo-ga-ri-tam po-gre^^Tske
 []


Overfull \hbox (13.76083pt too wide) in paragraph at lines 1869--1882
[]$[]$  $[]$ 
 []

[56 <./images/1LSAdeltab.png (PNG copy)> <./images/1LSAdeltal10b.png (PNG copy)
>] <images/1less1000deltab.png, id=898, 330.48468pt x 271.76532pt>
File: images/1less1000deltab.png Graphic file (type png)

<use images/1less1000deltab.png>
Package pdftex.def Info: images/1less1000deltab.png used on input line 1889.
(pdftex.def)             Requested size: 207.58946pt x 170.71129pt.

<images/1less1000realb.png, id=899, 330.48468pt x 271.76532pt>
File: images/1less1000realb.png Graphic file (type png)

<use images/1less1000realb.png>
Package pdftex.def Info: images/1less1000realb.png used on input line 1896.
(pdftex.def)             Requested size: 207.58946pt x 170.71129pt.

Underfull \hbox (badness 10000) in paragraph at lines 1897--1897
[]\OT1/cmr/m/n/12 Slika 5.6: |Lo-ga-ri-tam po-gre^^Tske
 []


Underfull \hbox (badness 6658) in paragraph at lines 1897--1897
\OT1/cmr/m/n/12 odre[]divanja polo^^Tzaja po kom-po-nen-
 []


Overfull \hbox (13.76083pt too wide) in paragraph at lines 1887--1900
[]$[]$  $[]$ 
 []

[57 <./images/1less100deltab.png (PNG copy)> <./images/1less100realb.png (PNG c
opy)> <./images/1less1000deltab.png (PNG copy)> <./images/1less1000realb.png (P
NG copy)>]
Underfull \hbox (badness 10000) in paragraph at lines 1905--1908

 []


Overfull \hbox (49.52843pt too wide) in paragraph at lines 1926--1926
\OT1/cmr/m/n/12 PARAMETRA|  
 []


Overfull \hbox (20.75345pt too wide) in paragraph at lines 1926--1926
[]|\OT1/cmr/m/n/12 VRIJEDNOST|  
 []


Underfull \hbox (badness 10000) in paragraph at lines 1929--1929
[]|\OT1/cmr/m/n/12 vrijeme
 []


Underfull \hbox (badness 10000) in paragraph at lines 1929--1929
\OT1/cmr/m/n/12 izvr^^Tsavanja
 []

<images/2LSAdeltal10b.png, id=909, 330.48468pt x 271.76532pt>
File: images/2LSAdeltal10b.png Graphic file (type png)

<use images/2LSAdeltal10b.png>
Package pdftex.def Info: images/2LSAdeltal10b.png used on input line 1943.
(pdftex.def)             Requested size: 207.58946pt x 170.71129pt.

<images/2LSAreall10b.png, id=910, 330.48468pt x 271.76532pt>
File: images/2LSAreall10b.png Graphic file (type png)

<use images/2LSAreall10b.png>
Package pdftex.def Info: images/2LSAreall10b.png used on input line 1950.
(pdftex.def)             Requested size: 207.58946pt x 170.71129pt.

Overfull \hbox (13.76083pt too wide) in paragraph at lines 1941--1954
[]$[]$  $[]$ 
 []


Underfull \vbox (badness 10000) has occurred while \output is active []

 [58]
Overfull \hbox (0.6622pt too wide) in paragraph at lines 1961--1967
\OT1/cmr/m/n/12 Budu^^Sci da pri-li-kom ocjene kva-li-tete iz-vedbi, na prvo mj
esto stav-ljamo to^^Tcnost rje^^Tsenja,
 []


Underfull \hbox (badness 10000) in paragraph at lines 1961--1967

 []


Overfull \hbox (2.44644pt too wide) in paragraph at lines 1971--1973
\OT1/cmr/m/n/12 Postoji vi^^Tse ina^^Tcica iz-vedbe po-bolj^^Tsanoga pris-tupa.
 Oda-bir se os-tva-ruje pode^^Tsavanjima
 []

[59 <./images/2LSAdeltal10b.png (PNG copy)> <./images/2LSAreall10b.png (PNG cop
y)>]
Overfull \hbox (63.7548pt too wide) in paragraph at lines 1985--1985
\OT1/cmr/m/n/12 PARAMETRA|  
 []


Overfull \hbox (21.66771pt too wide) in paragraph at lines 1985--1985
[]|\OT1/cmr/m/n/12 IZNOS|  
 []


Overfull \hbox (21.66771pt too wide) in paragraph at lines 1985--1985
[]|\OT1/cmr/m/n/12 IZNOS|  
 []


Overfull \hbox (21.66771pt too wide) in paragraph at lines 1985--1985
[]|\OT1/cmr/m/n/12 IZNOS|  
 []


Underfull \hbox (badness 10000) in paragraph at lines 1989--1989
[]|\OT1/cmr/m/n/12 vrijeme
 []


Underfull \hbox (badness 10000) in paragraph at lines 1993--1993
\OT1/cmr/m/n/12 po ko-or-di-na-
 []

<images/3LSAdelta1l10QRb.png, id=934, 330.48468pt x 271.76532pt>
File: images/3LSAdelta1l10QRb.png Graphic file (type png)

<use images/3LSAdelta1l10QRb.png>
Package pdftex.def Info: images/3LSAdelta1l10QRb.png used on input line 2003.
(pdftex.def)             Requested size: 194.61554pt x 160.04156pt.

<images/3LSAreal1l10QRb.png, id=935, 330.48468pt x 271.76532pt>
File: images/3LSAreal1l10QRb.png Graphic file (type png)

<use images/3LSAreal1l10QRb.png>
Package pdftex.def Info: images/3LSAreal1l10QRb.png used on input line 2010.
(pdftex.def)             Requested size: 194.61554pt x 160.04156pt.

<images/3LSAdelta2l10QRb.png, id=936, 330.48468pt x 271.76532pt>
File: images/3LSAdelta2l10QRb.png Graphic file (type png)

<use images/3LSAdelta2l10QRb.png>
Package pdftex.def Info: images/3LSAdelta2l10QRb.png used on input line 2021.
(pdftex.def)             Requested size: 194.61554pt x 160.04156pt.

<images/3LSAreal2l10QRb.png, id=937, 330.48468pt x 271.76532pt>
File: images/3LSAreal2l10QRb.png Graphic file (type png)

<use images/3LSAreal2l10QRb.png>
Package pdftex.def Info: images/3LSAreal2l10QRb.png used on input line 2028.
(pdftex.def)             Requested size: 194.61554pt x 160.04156pt.
 [60 <./images/3LSAdelta1l10QRb.png (PNG copy)> <./images/3LSAreal1l10QRb.png (
PNG copy)>]
<images/3LSAdelta3l10QRb.png, id=951, 330.48468pt x 271.76532pt>
File: images/3LSAdelta3l10QRb.png Graphic file (type png)

<use images/3LSAdelta3l10QRb.png>
Package pdftex.def Info: images/3LSAdelta3l10QRb.png used on input line 2039.
(pdftex.def)             Requested size: 194.61554pt x 160.04156pt.

<images/3LSAreal3l10QRb.png, id=952, 330.48468pt x 271.76532pt>
File: images/3LSAreal3l10QRb.png Graphic file (type png)

<use images/3LSAreal3l10QRb.png>
Package pdftex.def Info: images/3LSAreal3l10QRb.png used on input line 2046.
(pdftex.def)             Requested size: 194.61554pt x 160.04156pt.

Underfull \hbox (badness 10000) in paragraph at lines 2053--2055

 []


Overfull \hbox (63.7548pt too wide) in paragraph at lines 2066--2066
\OT1/cmr/m/n/12 PARAMETRA|  
 []


Overfull \hbox (21.66771pt too wide) in paragraph at lines 2066--2066
[]|\OT1/cmr/m/n/12 IZNOS|  
 []


Overfull \hbox (21.66771pt too wide) in paragraph at lines 2066--2066
[]|\OT1/cmr/m/n/12 IZNOS|  
 []


Overfull \hbox (21.66771pt too wide) in paragraph at lines 2066--2066
[]|\OT1/cmr/m/n/12 IZNOS|  
 []


Underfull \hbox (badness 10000) in paragraph at lines 2070--2070
[]|\OT1/cmr/m/n/12 vrijeme
 []


Underfull \hbox (badness 10000) in paragraph at lines 2074--2074
\OT1/cmr/m/n/12 po ko-or-di-na-
 []


Underfull \vbox (badness 10000) has occurred while \output is active []

 [61 <./images/3LSAdelta2l10QRb.png (PNG copy)> <./images/3LSAreal2l10QRb.png (
PNG copy)> <./images/3LSAdelta3l10QRb.png (PNG copy)> <./images/3LSAreal3l10QRb
.png (PNG copy)>] <images/3LSAdelta1l10b.png, id=961, 330.48468pt x 271.76532pt
>
File: images/3LSAdelta1l10b.png Graphic file (type png)

<use images/3LSAdelta1l10b.png>
Package pdftex.def Info: images/3LSAdelta1l10b.png used on input line 2084.
(pdftex.def)             Requested size: 207.58946pt x 170.71129pt.

<images/3LSAreal1l10b.png, id=962, 330.48468pt x 271.76532pt>
File: images/3LSAreal1l10b.png Graphic file (type png)

<use images/3LSAreal1l10b.png>
Package pdftex.def Info: images/3LSAreal1l10b.png used on input line 2091.
(pdftex.def)             Requested size: 207.58946pt x 170.71129pt.

Overfull \hbox (13.76083pt too wide) in paragraph at lines 2082--2095
[]$[]$  $[]$ 
 []

<images/3LSAdelta2l10b.png, id=963, 330.48468pt x 271.76532pt>
File: images/3LSAdelta2l10b.png Graphic file (type png)

<use images/3LSAdelta2l10b.png>
Package pdftex.def Info: images/3LSAdelta2l10b.png used on input line 2102.
(pdftex.def)             Requested size: 207.58946pt x 170.71129pt.

<images/3LSAreal2l10b.png, id=964, 330.48468pt x 271.76532pt>
File: images/3LSAreal2l10b.png Graphic file (type png)

<use images/3LSAreal2l10b.png>
Package pdftex.def Info: images/3LSAreal2l10b.png used on input line 2109.
(pdftex.def)             Requested size: 207.58946pt x 170.71129pt.

Overfull \hbox (13.76083pt too wide) in paragraph at lines 2100--2113
[]$[]$  $[]$ 
 []


Underfull \vbox (badness 10000) has occurred while \output is active []

 [62 <./images/3LSAdelta1l10b.png (PNG copy)> <./images/3LSAreal1l10b.png (PNG 
copy)>]
<images/3LSAdelta3l10b.png, id=970, 330.48468pt x 271.76532pt>
File: images/3LSAdelta3l10b.png Graphic file (type png)

<use images/3LSAdelta3l10b.png>
Package pdftex.def Info: images/3LSAdelta3l10b.png used on input line 2120.
(pdftex.def)             Requested size: 207.58946pt x 170.71129pt.

<images/3LSAreal3l10b.png, id=971, 330.48468pt x 271.76532pt>
File: images/3LSAreal3l10b.png Graphic file (type png)

<use images/3LSAreal3l10b.png>
Package pdftex.def Info: images/3LSAreal3l10b.png used on input line 2127.
(pdftex.def)             Requested size: 207.58946pt x 170.71129pt.

Overfull \hbox (13.76083pt too wide) in paragraph at lines 2118--2130
[]$[]$  $[]$ 
 []

[63 <./images/3LSAdelta2l10b.png (PNG copy)> <./images/3LSAreal2l10b.png (PNG c
opy)> <./images/3LSAdelta3l10b.png (PNG copy)> <./images/3LSAreal3l10b.png (PNG
 copy)>]

Package hyperref Warning: Composite letter `\textasciicaron+c'
(hyperref)                not defined in PD1 encoding,
(hyperref)                removing `\textasciicaron' on input line 2163.


Overfull \hbox (63.7548pt too wide) in paragraph at lines 2176--2176
\OT1/cmr/m/n/12 PARAMETRA|  
 []


Overfull \hbox (21.66771pt too wide) in paragraph at lines 2176--2176
[]|\OT1/cmr/m/n/12 IZNOS|  
 []


Overfull \hbox (21.66771pt too wide) in paragraph at lines 2176--2176
[]|\OT1/cmr/m/n/12 IZNOS|  
 []


Underfull \hbox (badness 10000) in paragraph at lines 2180--2180
[]|\OT1/cmr/m/n/12 vrijeme
 []


Underfull \hbox (badness 10000) in paragraph at lines 2184--2184
\OT1/cmr/m/n/12 po ko-or-di-na-
 []


Underfull \hbox (badness 10000) in paragraph at lines 2184--2184
\OT1/cmr/m/n/12 tama (x,y,z)
 []


Underfull \vbox (badness 10000) has occurred while \output is active []

 [64]
(./diplomski.bbl [65] [66

]
babelbib: Using the BibTeX style's default font for `name'.
babelbib: Using the BibTeX style's default font for `lastname'.
babelbib: Using the BibTeX style's default font for `title'.
babelbib: Using the BibTeX style's default font for `jtitle'.
babelbib: Using the BibTeX style's default font for `etal'.
babelbib: Using the BibTeX style's default font for `journal'.
babelbib: Using the BibTeX style's default font for `volume'.
babelbib: Using the BibTeX style's default font for `ISBN'.
babelbib: Using the BibTeX style's default font for `ISSN'.
babelbib: Using the BibTeX style's default font for `url'.
babelbib: Using the BibTeX style's default font for `numeral'.

Underfull \hbox (badness 10000) in paragraph at lines 44--49
\OT1/cmtt/m/n/12 / / web . grf . bg . ac . rs / p / learning / teorija _ sateli
tskog _ pozicioniranja _
 []

[67]
Underfull \hbox (badness 1590) in paragraph at lines 171--177
[]\OT1/cmr/m/n/12 Y. He i A. Bil-gic, \OT1/cmr/m/it/12 Ite-ra-tive le-ast squ-a
res met-hod for glo-bal po-si-ti-oning
 []


Underfull \hbox (badness 1107) in paragraph at lines 171--177
\OT1/cmr/m/it/12 sys-tem\OT1/cmr/m/n/12 , 2011, [Dos-tupno na: []$\OT1/cmtt/m/n
/12 https : / / pdfs . semanticscholar . org / fcb1 /
 []

[68]
Underfull \hbox (badness 5563) in paragraph at lines 179--185
[]\OT1/cmr/m/n/12 D. Kao, \OT1/cmr/m/it/12 QR Fac-to-ri-za-tion and Sin-gu-lar 
Va-lue De-com-po-si-tion\OT1/cmr/m/n/12 , 2016,
 []


Underfull \hbox (badness 2512) in paragraph at lines 179--185
\OT1/cmr/m/n/12 Skripta uz pre-da-va-nja, Prin-ce-ton Uni-ver-sity, Prin-ce-ton
, NY [Dos-tupno
 []


Underfull \hbox (badness 10000) in paragraph at lines 179--185
\OT1/cmr/m/n/12 na: []$\OT1/cmtt/m/n/12 http : / / www . cs . princeton . edu /
 courses / archive / fall11 / cos323 /
 []


Underfull \hbox (badness 2237) in paragraph at lines 194--200
\OT1/cmtt/m/n/12 www . gps . gov / technical / ps / 1995-[]SPS-[]signal-[]speci
fication . pdf$[]\OT1/cmr/m/n/12 , pre-gle-
 []

[69]) [70] [71

] [72

] [73] [74

] [75] [76

]

Package hyperref Warning: Token not allowed in a PDF string (PDFDocEncoding):
(hyperref)                removing `math shift' on input line 2383.


Package hyperref Warning: Token not allowed in a PDF string (PDFDocEncoding):
(hyperref)                removing `math shift' on input line 2383.


Package hyperref Warning: Token not allowed in a PDF string (PDFDocEncoding):
(hyperref)                removing `math shift' on input line 2383.


Package hyperref Warning: Token not allowed in a PDF string (PDFDocEncoding):
(hyperref)                removing `math shift' on input line 2383.

[77] [78

]

Package hyperref Warning: Glyph not defined in PD1 encoding,
(hyperref)                removing `\dj' on input line 2411.


Overfull \hbox (11.75931pt too wide) in paragraph at lines 2412--2417
\OT1/cmr/m/n/12 Proces odre[]divanja polo^^Tzaja pri-jam-nika je najto^^Tcniji 
ako je me[]dusobni polo^^Tzaj kori^^Tstenih
 []


Underfull \vbox (badness 10000) has occurred while \output is active []

 [79]
Underfull \vbox (badness 1931) has occurred while \output is active []

 [80]
[81] [82

]
Package hyperref Info: bookmark level for unknown lstlisting defaults to 0 on i
nput line 2477.
 (./Rsimulation/dipl2.R [83]
Underfull \vbox (badness 10000) has occurred while \output is active []

 [84]
Underfull \vbox (badness 10000) has occurred while \output is active []

 [85])
(./Rsimulation/dipl1.R [86]
Underfull \vbox (badness 10000) has occurred while \output is active []

 [87]
Underfull \vbox (badness 10000) has occurred while \output is active []

 [88]
Underfull \vbox (badness 10000) has occurred while \output is active []

 [89])

Package hyperref Warning: Glyph not defined in PD1 encoding,
(hyperref)                removing `\dj' on input line 2480.

(./Rsimulation/dipl4.R [90]
Underfull \vbox (badness 10000) has occurred while \output is active []

 [91]
Underfull \vbox (badness 10000) has occurred while \output is active []

 [92]
Underfull \vbox (badness 10000) has occurred while \output is active []

 [93])
Underfull \vbox (badness 10000) has occurred while \output is active []

 [94]
[95] [96

] (./Rsimulation/pseudorangesa.txt) (./Rsimulation/pseudorangesb.txt)
(./Rsimulation/satellites.txt)
Underfull \vbox (badness 10000) has occurred while \output is active []

 [97]

Class memoir Warning: The material used in the headers is too large
(29.42502pt) for the given head height (14.5pt), it is recommended to
either increase the head height or redesign the header
(in both cases you will find help in the memoir manual). on input line 2576.

[98]
\tf@toc=\write5
\openout5 = `diplomski.toc'.

Package atveryend Info: Empty hook `BeforeClearDocument' on input line 2576.
Package atveryend Info: Empty hook `AfterLastShipout' on input line 2576.
 (./diplomski.aux)
Package atveryend Info: Executing hook `AtVeryEndDocument' on input line 2576.
Package atveryend Info: Executing hook `AtEndAfterFileList' on input line 2576.

Package rerunfilecheck Info: File `diplomski.out' has not changed.
(rerunfilecheck)             Checksum: 647DF1BC5E99E46593FC723E27F7A7F7;2179.


LaTeX Warning: There were undefined references.

Package atveryend Info: Empty hook `AtVeryVeryEnd' on input line 2576.
 ) 
Here is how much of TeX's memory you used:
 19240 strings out of 494374
 285051 string characters out of 6164954
 975390 words of memory out of 5000000
 21271 multiletter control sequences out of 15000+600000
 24605 words of font info for 91 fonts, out of 8000000 for 9000
 350 hyphenation exceptions out of 8191
 43i,17n,43p,737b,2605s stack positions out of 5000i,500n,10000p,200000b,80000s
</usr/share/texlive/texmf-dist/fonts/type1/public/amsfonts/cm/cmbx12.pfb></us
r/share/texlive/texmf-dist/fonts/type1/public/amsfonts/cm/cmbx8.pfb></usr/share
/texlive/texmf-dist/fonts/type1/public/amsfonts/cm/cmbxti10.pfb></usr/share/tex
live/texmf-dist/fonts/type1/public/amsfonts/cm/cmex10.pfb></usr/share/texlive/t
exmf-dist/fonts/type1/public/amsfonts/cm/cmmi10.pfb></usr/share/texlive/texmf-d
ist/fonts/type1/public/amsfonts/cm/cmmi12.pfb></usr/share/texlive/texmf-dist/fo
nts/type1/public/amsfonts/cm/cmmi6.pfb></usr/share/texlive/texmf-dist/fonts/typ
e1/public/amsfonts/cm/cmmi8.pfb></usr/share/texlive/texmf-dist/fonts/type1/publ
ic/amsfonts/cm/cmr10.pfb></usr/share/texlive/texmf-dist/fonts/type1/public/amsf
onts/cm/cmr12.pfb></usr/share/texlive/texmf-dist/fonts/type1/public/amsfonts/cm
/cmr17.pfb></usr/share/texlive/texmf-dist/fonts/type1/public/amsfonts/cm/cmr6.p
fb></usr/share/texlive/texmf-dist/fonts/type1/public/amsfonts/cm/cmr7.pfb></usr
/share/texlive/texmf-dist/fonts/type1/public/amsfonts/cm/cmr8.pfb></usr/share/t
exlive/texmf-dist/fonts/type1/public/amsfonts/cm/cmsl12.pfb></usr/share/texlive
/texmf-dist/fonts/type1/public/amsfonts/cm/cmss17.pfb></usr/share/texlive/texmf
-dist/fonts/type1/public/amsfonts/cm/cmssbx10.pfb></usr/share/texlive/texmf-dis
t/fonts/type1/public/amsfonts/cm/cmsy10.pfb></usr/share/texlive/texmf-dist/font
s/type1/public/amsfonts/cm/cmsy6.pfb></usr/share/texlive/texmf-dist/fonts/type1
/public/amsfonts/cm/cmsy8.pfb></usr/share/texlive/texmf-dist/fonts/type1/public
/amsfonts/cm/cmti12.pfb></usr/share/texlive/texmf-dist/fonts/type1/public/amsfo
nts/cm/cmti8.pfb></usr/share/texlive/texmf-dist/fonts/type1/public/amsfonts/cm/
cmtt12.pfb></usr/share/texlive/texmf-dist/fonts/type1/public/amsfonts/cm/cmtt8.
pfb></usr/share/texlive/texmf-dist/fonts/type1/public/amsfonts/symbols/msbm10.p
fb>
Output written on diplomski.pdf (103 pages, 2643423 bytes).
PDF statistics:
 2136 PDF objects out of 2487 (max. 8388607)
 1920 compressed objects within 20 object streams
 1023 named destinations out of 1200 (max. 500000)
 456 words of extra memory for PDF output out of 10000 (max. 10000000)

