\BOOKMARK [0][-]{section*.1}{Sadr\236aj}{}% 1
\BOOKMARK [0][-]{thm.0.0.2}{Uvod}{}% 2
\BOOKMARK [0][-]{chapter.1}{Globalni pozicijski sustav \(GPS\)}{}% 3
\BOOKMARK [1][-]{section.1.1}{C/A PRN kod}{chapter.1}% 4
\BOOKMARK [1][-]{section.1.2}{P kod}{chapter.1}% 5
\BOOKMARK [1][-]{section.1.3}{Pogre\235ke odreivanja polo\236aja i vrste}{chapter.1}% 6
\BOOKMARK [1][-]{section.1.4}{Navigacijska poruka}{chapter.1}% 7
\BOOKMARK [1][-]{section.1.5}{Proces odreivanja polo\236aja}{chapter.1}% 8
\BOOKMARK [0][-]{chapter.2}{Algoritam procjene polo\236aja \(APP\)}{}% 9
\BOOKMARK [1][-]{section.2.1}{Iterativna metoda najmanjih kvadrata}{chapter.2}% 10
\BOOKMARK [1][-]{section.2.2}{Metoda zatvorene forme}{chapter.2}% 11
\BOOKMARK [1][-]{section.2.3}{Metoda najbli\236eg susjeda \(maksimalne vjerodostojnosti\)}{chapter.2}% 12
\BOOKMARK [0][-]{chapter.3}{Programski odreen GPS prijamnik}{}% 13
\BOOKMARK [1][-]{section.3.1}{Model programski odreenog radioprijamnika}{chapter.3}% 14
\BOOKMARK [1][-]{section.3.2}{Pojam programski odreenog radioprijamnika}{chapter.3}% 15
\BOOKMARK [1][-]{section.3.3}{Programski odreen GPS prijamnik}{chapter.3}% 16
\BOOKMARK [1][-]{section.3.4}{Prakticna izvedba korisnickog GPS prijamnika}{chapter.3}% 17
\BOOKMARK [0][-]{chapter.4}{Prakticna izvedba procjene polo\236aja u domeni navigacijske primjene}{}% 18
\BOOKMARK [1][-]{section.4.1}{Izvedbe}{chapter.4}% 19
\BOOKMARK [0][-]{chapter.5}{Ocjena kavlitete i zakljucci}{}% 20
\BOOKMARK [1][-]{section.5.1}{Osnovni pristup}{chapter.5}% 21
\BOOKMARK [1][-]{section.5.2}{Pobolj\235ani pristup}{chapter.5}% 22
\BOOKMARK [1][-]{section.5.3}{Usporedba pristupa i zakljucci}{chapter.5}% 23
\BOOKMARK [0][-]{chapter*.56}{Bibliografija}{}% 24
\BOOKMARK [0][-]{appendix.A}{Jakobijeva matrica funkcije h, J}{}% 25
\BOOKMARK [0][-]{appendix.B}{Mjere kvalitete sazvije\236a}{}% 26
\BOOKMARK [0][-]{appendix.C}{Kodovi izvedbe algoritama}{}% 27
\BOOKMARK [1][-]{section.C.1}{Osnovni pristup}{appendix.C}% 28
\BOOKMARK [1][-]{section.C.2}{Pobolj\235an pristup: uvoenje te\236ina \(WLSM\)}{appendix.C}% 29
\BOOKMARK [0][-]{appendix.D}{Sadr\236aj datoteka ulaza izvedenih algoritama u procesu ocjene kvalitete}{}% 30
